2025-06-17 13:23:15,302 DEBUG: Upload route accessed, method: GET [in /Users/billrahe/rules_central/routes/upload.py:29]
2025-06-17 13:23:21,864 DEBUG: Upload route accessed, method: POST [in /Users/billrahe/rules_central/routes/upload.py:29]
2025-06-17 13:23:21,867 DEBUG: File received: output_ProcessCOB.json [in /Users/billrahe/rules_central/routes/upload.py:39]
2025-06-17 13:23:21,867 DEBUG: Valid file type: output_ProcessCOB.json [in /Users/billrahe/rules_central/routes/upload.py:49]
2025-06-17 13:23:21,869 INFO: File saved: output_ProcessCOB.json [in /Users/billrahe/rules_central/routes/upload.py:55]
2025-06-17 13:26:19,548 INFO: App startup [in /Users/billrahe/rules_central/app.py:55]
2025-06-17 13:26:19,548 DEBUG: This is a DEBUG log [in /Users/billrahe/rules_central/app.py:60]
2025-06-17 13:26:19,548 INFO: This is an INFO log [in /Users/billrahe/rules_central/app.py:61]
2025-06-17 13:26:19,548 WARNING: This is a WARNING log [in /Users/billrahe/rules_central/app.py:62]
2025-06-17 13:26:19,786 INFO: App startup [in /Users/billrahe/rules_central/app.py:55]
2025-06-17 13:26:19,786 DEBUG: This is a DEBUG log [in /Users/billrahe/rules_central/app.py:60]
2025-06-17 13:26:19,786 INFO: This is an INFO log [in /Users/billrahe/rules_central/app.py:61]
2025-06-17 13:26:19,786 WARNING: This is a WARNING log [in /Users/billrahe/rules_central/app.py:62]
2025-06-17 13:32:42,253 INFO: App startup [in /Users/billrahe/rules_central/app.py:55]
2025-06-17 13:32:42,253 DEBUG: This is a DEBUG log [in /Users/billrahe/rules_central/app.py:60]
2025-06-17 13:32:42,253 INFO: This is an INFO log [in /Users/billrahe/rules_central/app.py:61]
2025-06-17 13:32:42,253 WARNING: This is a WARNING log [in /Users/billrahe/rules_central/app.py:62]
2025-06-17 13:32:42,517 INFO: App startup [in /Users/billrahe/rules_central/app.py:55]
2025-06-17 13:32:42,517 DEBUG: This is a DEBUG log [in /Users/billrahe/rules_central/app.py:60]
2025-06-17 13:32:42,517 INFO: This is an INFO log [in /Users/billrahe/rules_central/app.py:61]
2025-06-17 13:32:42,517 WARNING: This is a WARNING log [in /Users/billrahe/rules_central/app.py:62]
2025-06-17 13:36:30,189 INFO: App startup [in /Users/billrahe/rules_central/app.py:55]
2025-06-17 13:36:30,189 DEBUG: This is a DEBUG log [in /Users/billrahe/rules_central/app.py:60]
2025-06-17 13:36:30,189 INFO: This is an INFO log [in /Users/billrahe/rules_central/app.py:61]
2025-06-17 13:36:30,189 WARNING: This is a WARNING log [in /Users/billrahe/rules_central/app.py:62]
2025-06-17 13:36:30,452 INFO: App startup [in /Users/billrahe/rules_central/app.py:55]
2025-06-17 13:36:30,452 DEBUG: This is a DEBUG log [in /Users/billrahe/rules_central/app.py:60]
2025-06-17 13:36:30,452 INFO: This is an INFO log [in /Users/billrahe/rules_central/app.py:61]
2025-06-17 13:36:30,452 WARNING: This is a WARNING log [in /Users/billrahe/rules_central/app.py:62]
2025-06-17 13:40:34,799 INFO: App startup [in /Users/billrahe/rules_central/app.py:55]
2025-06-17 13:40:34,799 DEBUG: This is a DEBUG log [in /Users/billrahe/rules_central/app.py:60]
2025-06-17 13:40:34,800 INFO: This is an INFO log [in /Users/billrahe/rules_central/app.py:61]
2025-06-17 13:40:34,800 WARNING: This is a WARNING log [in /Users/billrahe/rules_central/app.py:62]
2025-06-17 13:40:35,068 INFO: App startup [in /Users/billrahe/rules_central/app.py:55]
2025-06-17 13:40:35,068 DEBUG: This is a DEBUG log [in /Users/billrahe/rules_central/app.py:60]
2025-06-17 13:40:35,068 INFO: This is an INFO log [in /Users/billrahe/rules_central/app.py:61]
2025-06-17 13:40:35,068 WARNING: This is a WARNING log [in /Users/billrahe/rules_central/app.py:62]
2025-06-17 13:43:26,515 INFO: App startup [in /Users/billrahe/rules_central/app.py:55]
2025-06-17 13:43:26,515 DEBUG: This is a DEBUG log [in /Users/billrahe/rules_central/app.py:60]
2025-06-17 13:43:26,515 INFO: This is an INFO log [in /Users/billrahe/rules_central/app.py:61]
2025-06-17 13:43:26,515 WARNING: This is a WARNING log [in /Users/billrahe/rules_central/app.py:62]
2025-06-17 13:43:28,864 INFO: App startup [in /Users/billrahe/rules_central/app.py:55]
2025-06-17 13:43:28,864 DEBUG: This is a DEBUG log [in /Users/billrahe/rules_central/app.py:60]
2025-06-17 13:43:28,864 INFO: This is an INFO log [in /Users/billrahe/rules_central/app.py:61]
2025-06-17 13:43:28,864 WARNING: This is a WARNING log [in /Users/billrahe/rules_central/app.py:62]
2025-06-17 13:43:29,128 INFO: App startup [in /Users/billrahe/rules_central/app.py:55]
2025-06-17 13:43:29,128 DEBUG: This is a DEBUG log [in /Users/billrahe/rules_central/app.py:60]
2025-06-17 13:43:29,128 INFO: This is an INFO log [in /Users/billrahe/rules_central/app.py:61]
2025-06-17 13:43:29,128 WARNING: This is a WARNING log [in /Users/billrahe/rules_central/app.py:62]
2025-06-17 13:43:37,100 ERROR: Upload error: Lookup_Testing_Flag.json - Invalid JSON content [in /Users/billrahe/rules_central/routes/upload.py:79]
2025-06-17 13:45:10,619 INFO: App startup [in /Users/billrahe/rules_central/app.py:55]
2025-06-17 13:45:10,619 DEBUG: This is a DEBUG log [in /Users/billrahe/rules_central/app.py:60]
2025-06-17 13:45:10,619 INFO: This is an INFO log [in /Users/billrahe/rules_central/app.py:61]
2025-06-17 13:45:10,619 WARNING: This is a WARNING log [in /Users/billrahe/rules_central/app.py:62]
2025-06-17 13:45:10,984 INFO: App startup [in /Users/billrahe/rules_central/app.py:55]
2025-06-17 13:45:10,984 DEBUG: This is a DEBUG log [in /Users/billrahe/rules_central/app.py:60]
2025-06-17 13:45:10,984 INFO: This is an INFO log [in /Users/billrahe/rules_central/app.py:61]
2025-06-17 13:45:10,984 WARNING: This is a WARNING log [in /Users/billrahe/rules_central/app.py:62]
2025-06-17 13:45:20,315 ERROR: Upload error: helper_FlagSkyGenGroups.json - Invalid JSON content [in /Users/billrahe/rules_central/routes/upload.py:79]
2025-06-17 14:46:52,203 INFO: App startup [in /Users/billrahe/rules_central/app.py:56]
2025-06-17 14:46:52,203 DEBUG: This is a DEBUG log [in /Users/billrahe/rules_central/app.py:61]
2025-06-17 14:46:52,203 INFO: This is an INFO log [in /Users/billrahe/rules_central/app.py:62]
2025-06-17 14:46:52,203 WARNING: This is a WARNING log [in /Users/billrahe/rules_central/app.py:63]
2025-06-17 14:46:52,476 INFO: App startup [in /Users/billrahe/rules_central/app.py:56]
2025-06-17 14:46:52,476 DEBUG: This is a DEBUG log [in /Users/billrahe/rules_central/app.py:61]
2025-06-17 14:46:52,476 INFO: This is an INFO log [in /Users/billrahe/rules_central/app.py:62]
2025-06-17 14:46:52,476 WARNING: This is a WARNING log [in /Users/billrahe/rules_central/app.py:63]
2025-06-17 14:46:56,394 DEBUG: Using DIAGRAMS_FOLDER: None [in /Users/billrahe/rules_central/all_routes.py:71]
2025-06-17 14:46:56,395 ERROR: Diagrams directory not found: None [in /Users/billrahe/rules_central/all_routes.py:74]
2025-06-17 14:46:56,395 ERROR: Search error: 'DIAGRAMS_FOLDER' [in /Users/billrahe/rules_central/all_routes.py:212]
Traceback (most recent call last):
  File "/Users/billrahe/rules_central/all_routes.py", line 159, in search_diagrams
    diagrams_dir = current_app.config['DIAGRAMS_FOLDER']
                   ~~~~~~~~~~~~~~~~~~^^^^^^^^^^^^^^^^^^^
KeyError: 'DIAGRAMS_FOLDER'
2025-06-17 14:46:56,405 DEBUG: Using DIAGRAMS_FOLDER: None [in /Users/billrahe/rules_central/all_routes.py:71]
2025-06-17 14:46:56,406 ERROR: Diagrams directory not found: None [in /Users/billrahe/rules_central/all_routes.py:74]
2025-06-17 14:48:59,247 INFO: App startup [in /Users/billrahe/rules_central/app.py:56]
2025-06-17 14:48:59,247 DEBUG: This is a DEBUG log [in /Users/billrahe/rules_central/app.py:61]
2025-06-17 14:48:59,247 INFO: This is an INFO log [in /Users/billrahe/rules_central/app.py:62]
2025-06-17 14:48:59,247 WARNING: This is a WARNING log [in /Users/billrahe/rules_central/app.py:63]
2025-06-17 14:48:59,501 INFO: App startup [in /Users/billrahe/rules_central/app.py:56]
2025-06-17 14:48:59,501 DEBUG: This is a DEBUG log [in /Users/billrahe/rules_central/app.py:61]
2025-06-17 14:48:59,501 INFO: This is an INFO log [in /Users/billrahe/rules_central/app.py:62]
2025-06-17 14:48:59,501 WARNING: This is a WARNING log [in /Users/billrahe/rules_central/app.py:63]
2025-06-17 14:49:16,028 ERROR: Upload error: Document_Store_Splitting_Rules.json - 'UPLOAD_FOLDER' [in /Users/billrahe/rules_central/all_routes.py:397]
2025-06-17 14:53:50,724 INFO: App startup [in /Users/billrahe/rules_central/app.py:56]
2025-06-17 14:53:50,724 DEBUG: This is a DEBUG log [in /Users/billrahe/rules_central/app.py:62]
2025-06-17 14:53:50,724 INFO: This is an INFO log [in /Users/billrahe/rules_central/app.py:63]
2025-06-17 14:53:50,724 WARNING: This is a WARNING log [in /Users/billrahe/rules_central/app.py:64]
2025-06-17 14:53:50,993 INFO: App startup [in /Users/billrahe/rules_central/app.py:56]
2025-06-17 14:53:50,993 DEBUG: This is a DEBUG log [in /Users/billrahe/rules_central/app.py:62]
2025-06-17 14:53:50,993 INFO: This is an INFO log [in /Users/billrahe/rules_central/app.py:63]
2025-06-17 14:53:50,993 WARNING: This is a WARNING log [in /Users/billrahe/rules_central/app.py:64]
2025-06-17 14:54:07,477 ERROR: Upload error: Document_Store_Splitting_Rules.json - 'DIAGRAMS_FOLDER' [in /Users/billrahe/rules_central/all_routes.py:396]
